  SamepleScene.cpp
D:\CG_Source\CS285\HW-1\Reyes_Architecture1\Reyes_Architecture1\Transformations_Impl.h(33,31): warning C4305: '*=': truncation from 'double' to 'float'
D:\CG_Source\CS285\HW-1\Reyes_Architecture1\Reyes_Architecture1\Transformations_Impl.h(77,48): warning C4244: 'initializing': conversion from 'double' to 'float', possible loss of data
D:\CG_Source\CS285\HW-1\Reyes_Architecture1\Reyes_Architecture1\Transformations_Impl.h(77,30): warning C4244: 'initializing': conversion from 'double' to 'const float', possible loss of data
D:\CG_Source\CS285\HW-1\Reyes_Architecture1\Reyes_Architecture1\Transformations_Impl.h(78,48): warning C4244: 'argument': conversion from 'double' to 'float', possible loss of data
D:\CG_Source\CS285\HW-1\Reyes_Architecture1\Reyes_Architecture1\Reyes_Impl.h(57,23): warning C4018: '<': signed/unsigned mismatch
D:\CG_Source\CS285\HW-1\Reyes_Architecture1\Reyes_Architecture1\Reyes_Impl.h(101,41): warning C4244: 'initializing': conversion from 'double' to 'float', possible loss of data
D:\CG_Source\CS285\HW-1\Reyes_Architecture1\Reyes_Architecture1\Reyes_Impl.h(101,27): warning C4244: 'initializing': conversion from 'double' to 'const float', possible loss of data
D:\CG_Source\CS285\HW-1\Reyes_Architecture1\Reyes_Architecture1\Reyes_Impl.h(102,36): warning C4244: 'initializing': conversion from 'double' to 'float', possible loss of data
D:\CG_Source\CS285\HW-1\Reyes_Architecture1\Reyes_Architecture1\Reyes_Impl.h(102,27): warning C4244: 'initializing': conversion from 'double' to 'const float', possible loss of data
D:\CG_Source\CS285\HW-1\Reyes_Architecture1\Reyes_Architecture1\Reyes_Impl.h(103,41): warning C4244: 'initializing': conversion from 'double' to 'float', possible loss of data
D:\CG_Source\CS285\HW-1\Reyes_Architecture1\Reyes_Architecture1\Reyes_Impl.h(103,27): warning C4244: 'initializing': conversion from 'double' to 'const float', possible loss of data
D:\CG_Source\CS285\HW-1\Reyes_Architecture1\Reyes_Architecture1\Reyes_Impl.h(130,71): warning C4244: 'initializing': conversion from 'double' to 'float', possible loss of data
D:\CG_Source\CS285\HW-1\Reyes_Architecture1\Reyes_Architecture1\Reyes_Impl.h(130,27): warning C4244: 'initializing': conversion from 'double' to 'const float', possible loss of data
D:\CG_Source\CS285\HW-1\Reyes_Architecture1\Reyes_Architecture1\Reyes_Impl.h(131,71): warning C4244: 'initializing': conversion from 'double' to 'float', possible loss of data
D:\CG_Source\CS285\HW-1\Reyes_Architecture1\Reyes_Architecture1\Reyes_Impl.h(131,27): warning C4244: 'initializing': conversion from 'double' to 'const float', possible loss of data
D:\CG_Source\CS285\HW-1\Reyes_Architecture1\Reyes_Architecture1\Reyes_Impl.h(132,41): warning C4244: 'initializing': conversion from 'double' to 'float', possible loss of data
D:\CG_Source\CS285\HW-1\Reyes_Architecture1\Reyes_Architecture1\Reyes_Impl.h(132,27): warning C4244: 'initializing': conversion from 'double' to 'const float', possible loss of data
D:\CG_Source\CS285\HW-1\Reyes_Architecture1\Reyes_Architecture1\Reyes_Impl.h(154,70): warning C4305: 'argument': truncation from 'double' to 'float'
D:\CG_Source\CS285\HW-1\Reyes_Architecture1\Reyes_Architecture1\Reyes_Impl.h(170,33): warning C4018: '<': signed/unsigned mismatch
D:\CG_Source\CS285\HW-1\Reyes_Architecture1\Reyes_Architecture1\Reyes_Impl.h(181,33): warning C4018: '<': signed/unsigned mismatch
D:\CG_Source\CS285\HW-1\Reyes_Architecture1\Reyes_Architecture1\Reyes_Impl.h(188,23): warning C4018: '<': signed/unsigned mismatch
D:\CG_Source\CS285\HW-1\Reyes_Architecture1\Reyes_Architecture1\Reyes_Impl.h(211,77): warning C4305: 'argument': truncation from 'double' to 'float'
D:\CG_Source\CS285\HW-1\Reyes_Architecture1\Reyes_Architecture1\Reyes_Impl.h(227,33): warning C4018: '<': signed/unsigned mismatch
D:\CG_Source\CS285\HW-1\Reyes_Architecture1\Reyes_Architecture1\Reyes_Impl.h(262,33): warning C4018: '<': signed/unsigned mismatch
D:\CG_Source\CS285\HW-1\Reyes_Architecture1\Reyes_Architecture1\Reyes_Impl.h(270,23): warning C4018: '<': signed/unsigned mismatch
  Reyes_Architecture1.vcxproj -> D:\CG_Source\CS285\HW-1\Reyes_Architecture1\Debug\Reyes_Architecture1.exe
